<?xml version="1.0" encoding="UTF-8"?>
<!-- Generated by org.testng.reporters.JUnitReportReporter -->
<testsuite hostname="MAVBCP3128" failures="0" tests="2" name="seleniumd2.Recruitment" time="192.789" errors="0" timestamp="2021-09-25T12:13:41 IST" skipped="0">
  <testcase classname="seleniumd2.Recruitment" name="testParameterWithXML" time="93.589"/>
  <system-out/>
  <testcase classname="seleniumd2.Recruitment" name="testParameterWithXML" time="99.200"/>
  <system-out/>
</testsuite> <!-- seleniumd2.Recruitment -->
