<?xml version="1.0" encoding="UTF-8"?>
<!-- Generated by org.testng.reporters.JUnitReportReporter -->
<testsuite hostname="MAVBCP3128" failures="0" tests="2" name="seleniumd2.CrossBrowsersScript" time="32.718" errors="0" timestamp="2021-09-23T11:46:10 IST" skipped="0">
  <testcase classname="seleniumd2.CrossBrowsersScript" name="testParameterWithXML" time="17.565"/>
  <system-out/>
  <testcase classname="seleniumd2.CrossBrowsersScript" name="testParameterWithXML" time="15.153"/>
  <system-out/>
</testsuite> <!-- seleniumd2.CrossBrowsersScript -->
