<?xml version="1.0" encoding="UTF-8"?>
<!-- Generated by org.testng.reporters.JUnitReportReporter -->
<testsuite hostname="MAVBCP3128" failures="0" tests="1" name="seleniumproject.First" time="23.160" errors="0" timestamp="2021-09-23T09:51:20 IST" skipped="0">
  <testcase classname="seleniumproject.First" name="selenium" time="23.160"/>
  <system-out/>
</testsuite> <!-- seleniumproject.First -->
