<?xml version="1.0" encoding="UTF-8"?>
<!-- Generated by org.testng.reporters.JUnitReportReporter -->
<testsuite hostname="MAVBCP3128" failures="0" tests="2" name="seleniumd2.RecorderScript" time="39.599" errors="0" timestamp="2021-09-28T11:48:47 IST" skipped="0">
  <testcase classname="seleniumd2.RecorderScript" name="testParameterWithXML" time="21.550"/>
  <system-out/>
  <testcase classname="seleniumd2.RecorderScript" name="testParameterWithXML" time="18.049"/>
  <system-out/>
</testsuite> <!-- seleniumd2.RecorderScript -->
